2024-02-01 13:53:12 Loading main app package /usr/lib/obsidian/obsidian.asar
2024-02-01 13:53:12 Checking for update using Github
2024-02-01 13:53:12 Success.
2024-02-01 13:53:12 Latest version is 1.5.3
2024-02-01 13:53:12 App is up to date.
2024-02-01 14:01:21 Loading main app package /usr/lib/obsidian/obsidian.asar
2024-02-01 14:01:21 Checking for update using Github
2024-02-01 14:03:04 Loading main app package /usr/lib/obsidian/obsidian.asar
2024-02-01 14:03:04 Checking for update using Github
2024-02-01 14:03:05 Success.
2024-02-01 14:03:05 Latest version is 1.5.3
2024-02-01 14:03:05 App is up to date.
2024-02-01 15:03:04 Checking for update using Github
2024-02-01 15:03:04 Failed to check for update using Github (net::ERR_INTERNET_DISCONNECTED)
2024-02-01 15:03:04 Checking for update using obsidian.md
2024-02-01 15:03:04 Failed to check for update using obsidian.md (net::ERR_INTERNET_DISCONNECTED)
2024-02-01 16:03:04 Checking for update using Github
2024-02-01 16:03:04 Failed to check for update using Github (net::ERR_INTERNET_DISCONNECTED)
2024-02-01 16:03:04 Checking for update using obsidian.md
2024-02-01 16:03:04 Failed to check for update using obsidian.md (net::ERR_INTERNET_DISCONNECTED)
2024-02-01 17:03:04 Checking for update using Github
2024-02-01 17:03:04 Failed to check for update using Github (net::ERR_INTERNET_DISCONNECTED)
2024-02-01 17:03:04 Checking for update using obsidian.md
2024-02-01 17:03:04 Failed to check for update using obsidian.md (net::ERR_INTERNET_DISCONNECTED)
2024-02-01 18:03:05 Checking for update using Github
2024-02-01 18:03:10 Failed to check for update using Github (net::ERR_NAME_NOT_RESOLVED)
2024-02-01 18:03:10 Checking for update using obsidian.md
2024-02-01 18:03:11 Success.
2024-02-01 18:03:11 Latest version is 1.5.3
2024-02-01 18:03:11 App is up to date.
2024-02-01 19:03:05 Checking for update using Github
2024-02-01 19:03:15 Failed to check for update using Github (net::ERR_NAME_NOT_RESOLVED)
2024-02-01 19:03:15 Checking for update using obsidian.md
2024-02-01 19:03:25 Failed to check for update using obsidian.md (net::ERR_NAME_NOT_RESOLVED)
2024-02-01 20:03:05 Checking for update using Github
2024-02-01 20:03:05 Success.
2024-02-01 20:03:05 Latest version is 1.5.3
2024-02-01 20:03:05 App is up to date.
2024-02-01 21:03:05 Checking for update using Github
2024-02-01 21:03:15 Failed to check for update using Github (net::ERR_NAME_NOT_RESOLVED)
2024-02-01 21:03:15 Checking for update using obsidian.md
2024-02-01 21:03:25 Failed to check for update using obsidian.md (net::ERR_NAME_NOT_RESOLVED)
2024-02-01 22:03:05 Checking for update using Github
2024-02-01 22:03:05 Success.
2024-02-01 22:03:05 Latest version is 1.5.3
2024-02-01 22:03:05 App is up to date.
2024-02-01 23:03:05 Checking for update using Github
2024-02-01 23:03:06 Success.
2024-02-01 23:03:06 Latest version is 1.5.3
2024-02-01 23:03:06 App is up to date.
2024-02-02 00:03:05 Checking for update using Github
2024-02-02 00:03:06 Success.
2024-02-02 00:03:06 Latest version is 1.5.3
2024-02-02 00:03:06 App is up to date.
2024-02-02 09:42:20 Loading main app package /usr/lib/obsidian/obsidian.asar
2024-02-02 09:42:21 Checking for update using Github
2024-02-02 09:42:21 Success.
2024-02-02 09:42:21 Latest version is 1.5.3
2024-02-02 09:42:21 App is up to date.
2024-02-02 10:42:20 Checking for update using Github
2024-02-02 10:42:21 Success.
2024-02-02 10:42:21 Latest version is 1.5.3
2024-02-02 10:42:21 App is up to date.
2024-02-02 11:42:20 Checking for update using Github
2024-02-02 11:42:20 Failed to check for update using Github (net::ERR_INTERNET_DISCONNECTED)
2024-02-02 11:42:20 Checking for update using obsidian.md
2024-02-02 11:42:20 Failed to check for update using obsidian.md (net::ERR_INTERNET_DISCONNECTED)
2024-02-02 12:42:20 Checking for update using Github
2024-02-02 12:42:21 Success.
2024-02-02 12:42:21 Latest version is 1.5.3
2024-02-02 12:42:21 App is up to date.
2024-02-02 13:42:20 Checking for update using Github
2024-02-02 13:42:21 Success.
2024-02-02 13:42:21 Latest version is 1.5.3
2024-02-02 13:42:21 App is up to date.
2024-02-02 14:42:20 Checking for update using Github
2024-02-02 14:42:21 Success.
2024-02-02 14:42:21 Latest version is 1.5.3
2024-02-02 14:42:21 App is up to date.
2024-02-02 15:42:21 Checking for update using Github
2024-02-02 15:42:21 Success.
2024-02-02 15:42:21 Latest version is 1.5.3
2024-02-02 15:42:21 App is up to date.
2024-02-02 16:42:21 Checking for update using Github
2024-02-02 16:42:21 Success.
2024-02-02 16:42:21 Latest version is 1.5.3
2024-02-02 16:42:21 App is up to date.
2024-02-02 17:42:21 Checking for update using Github
2024-02-02 17:42:21 Success.
2024-02-02 17:42:21 Latest version is 1.5.3
2024-02-02 17:42:21 App is up to date.
2024-02-02 18:42:21 Checking for update using Github
2024-02-02 18:42:21 Success.
2024-02-02 18:42:21 Latest version is 1.5.3
2024-02-02 18:42:21 App is up to date.
2024-02-02 19:42:21 Checking for update using Github
2024-02-02 19:42:21 Success.
2024-02-02 19:42:21 Latest version is 1.5.3
2024-02-02 19:42:21 App is up to date.
2024-02-02 20:42:21 Checking for update using Github
2024-02-02 20:42:21 Success.
2024-02-02 20:42:21 Latest version is 1.5.3
2024-02-02 20:42:21 App is up to date.
2024-02-02 21:42:21 Checking for update using Github
2024-02-02 21:42:21 Success.
2024-02-02 21:42:21 Latest version is 1.5.3
2024-02-02 21:42:21 App is up to date.
2024-02-02 22:42:21 Checking for update using Github
2024-02-02 22:42:21 Success.
2024-02-02 22:42:21 Latest version is 1.5.3
2024-02-02 22:42:21 App is up to date.
2024-02-02 23:42:21 Checking for update using Github
2024-02-02 23:42:21 Success.
2024-02-02 23:42:21 Latest version is 1.5.3
2024-02-02 23:42:21 App is up to date.
2024-02-03 10:18:28 Loading main app package /usr/lib/obsidian/obsidian.asar
2024-02-03 10:18:29 Checking for update using Github
2024-02-03 10:18:37 Failed to check for update using Github (net::ERR_NAME_NOT_RESOLVED)
2024-02-03 10:18:37 Checking for update using obsidian.md
2024-02-03 10:18:45 Failed to check for update using obsidian.md (net::ERR_NAME_NOT_RESOLVED)
2024-02-03 11:18:29 Checking for update using Github
2024-02-03 11:18:29 Success.
2024-02-03 11:18:29 Latest version is 1.5.3
2024-02-03 11:18:29 App is up to date.
2024-02-03 12:18:29 Checking for update using Github
2024-02-03 12:18:29 Success.
2024-02-03 12:18:29 Latest version is 1.5.3
2024-02-03 12:18:29 App is up to date.
2024-02-03 13:18:29 Checking for update using Github
2024-02-03 13:18:29 Success.
2024-02-03 13:18:29 Latest version is 1.5.3
2024-02-03 13:18:29 App is up to date.
2024-02-03 14:18:29 Checking for update using Github
2024-02-03 14:18:29 Failed to check for update using Github (net::ERR_INTERNET_DISCONNECTED)
2024-02-03 14:18:29 Checking for update using obsidian.md
2024-02-03 14:18:29 Failed to check for update using obsidian.md (net::ERR_INTERNET_DISCONNECTED)
2024-02-03 15:18:29 Checking for update using Github
2024-02-03 15:18:29 Failed to check for update using Github (net::ERR_INTERNET_DISCONNECTED)
2024-02-03 15:18:29 Checking for update using obsidian.md
2024-02-03 15:18:29 Failed to check for update using obsidian.md (net::ERR_INTERNET_DISCONNECTED)
2024-02-03 16:18:29 Checking for update using Github
2024-02-03 16:18:29 Failed to check for update using Github (net::ERR_INTERNET_DISCONNECTED)
2024-02-03 16:18:29 Checking for update using obsidian.md
2024-02-03 16:18:29 Failed to check for update using obsidian.md (net::ERR_INTERNET_DISCONNECTED)
2024-02-03 17:18:29 Checking for update using Github
2024-02-03 17:18:29 Failed to check for update using Github (net::ERR_INTERNET_DISCONNECTED)
2024-02-03 17:18:29 Checking for update using obsidian.md
2024-02-03 17:18:29 Failed to check for update using obsidian.md (net::ERR_INTERNET_DISCONNECTED)
2024-02-03 18:18:29 Checking for update using Github
2024-02-03 18:18:29 Success.
2024-02-03 18:18:29 Latest version is 1.5.3
2024-02-03 18:18:29 App is up to date.
2024-02-03 19:18:29 Checking for update using Github
2024-02-03 19:18:30 Success.
2024-02-03 19:18:30 Latest version is 1.5.3
2024-02-03 19:18:30 App is up to date.
2024-02-03 20:18:29 Checking for update using Github
2024-02-03 20:18:30 Success.
2024-02-03 20:18:30 Latest version is 1.5.3
2024-02-03 20:18:30 App is up to date.
2024-02-03 21:18:29 Checking for update using Github
2024-02-03 21:18:30 Success.
2024-02-03 21:18:30 Latest version is 1.5.3
2024-02-03 21:18:30 App is up to date.
2024-02-03 22:18:30 Checking for update using Github
2024-02-03 22:18:30 Success.
2024-02-03 22:18:30 Latest version is 1.5.3
2024-02-03 22:18:30 App is up to date.
2024-02-03 23:18:30 Checking for update using Github
2024-02-03 23:18:30 Failed to check for update using Github (net::ERR_INTERNET_DISCONNECTED)
2024-02-03 23:18:30 Checking for update using obsidian.md
2024-02-03 23:18:30 Failed to check for update using obsidian.md (net::ERR_INTERNET_DISCONNECTED)
2024-02-04 00:18:30 Checking for update using Github
2024-02-04 00:18:30 Failed to check for update using Github (net::ERR_INTERNET_DISCONNECTED)
2024-02-04 00:18:30 Checking for update using obsidian.md
2024-02-04 00:18:30 Failed to check for update using obsidian.md (net::ERR_INTERNET_DISCONNECTED)
2024-02-09 11:16:28 Loading main app package /usr/lib/obsidian/obsidian.asar
2024-02-09 11:16:29 Checking for update using Github
2024-02-09 11:16:30 Success.
2024-02-09 11:16:30 Latest version is 1.5.3
2024-02-09 11:16:30 App is up to date.
2024-02-09 12:16:28 Checking for update using Github
2024-02-09 12:16:30 Success.
2024-02-09 12:16:30 Latest version is 1.5.3
2024-02-09 12:16:30 App is up to date.
2024-02-09 13:16:28 Checking for update using Github
2024-02-09 13:16:29 Success.
2024-02-09 13:16:29 Latest version is 1.5.3
2024-02-09 13:16:29 App is up to date.
2024-02-09 14:16:29 Checking for update using Github
2024-02-09 14:16:30 Success.
2024-02-09 14:16:30 Latest version is 1.5.3
2024-02-09 14:16:30 App is up to date.
2024-02-09 15:16:29 Checking for update using Github
2024-02-09 15:16:29 Failed to check for update using Github (net::ERR_INTERNET_DISCONNECTED)
2024-02-09 15:16:29 Checking for update using obsidian.md
2024-02-09 15:16:29 Failed to check for update using obsidian.md (net::ERR_INTERNET_DISCONNECTED)
2024-02-09 20:33:15 Loading main app package /usr/lib/obsidian/obsidian.asar
2024-02-09 20:33:15 Checking for update using Github
2024-02-09 20:33:22 Success.
2024-02-09 20:33:22 Latest version is 1.5.3
2024-02-09 20:33:22 App is up to date.
2024-02-09 21:14:50 Loading main app package /usr/lib/obsidian/obsidian.asar
2024-02-09 21:14:50 Checking for update using Github
2024-02-09 21:14:51 Success.
2024-02-09 21:14:51 Latest version is 1.5.3
2024-02-09 21:14:51 App is up to date.
2024-02-09 22:14:50 Checking for update using Github
2024-02-09 22:14:50 Success.
2024-02-09 22:14:50 Latest version is 1.5.3
2024-02-09 22:14:50 App is up to date.
2024-02-09 23:14:50 Checking for update using Github
2024-02-09 23:14:51 Success.
2024-02-09 23:14:51 Latest version is 1.5.3
2024-02-09 23:14:51 App is up to date.
2024-02-10 00:14:50 Checking for update using Github
2024-02-10 00:14:52 Success.
2024-02-10 00:14:52 Latest version is 1.5.3
2024-02-10 00:14:52 App is up to date.
2024-02-11 00:39:27 Loading main app package /usr/lib/obsidian/obsidian.asar
2024-02-11 00:39:27 Checking for update using Github
2024-02-11 00:39:28 Success.
2024-02-11 00:39:28 Latest version is 1.5.3
2024-02-11 00:39:28 App is up to date.
2024-02-11 11:10:48 Checking for update using Github
2024-02-11 11:10:49 Success.
2024-02-11 11:10:49 Latest version is 1.5.3
2024-02-11 11:10:49 App is up to date.
2024-02-11 12:10:49 Checking for update using Github
2024-02-11 12:10:49 Success.
2024-02-11 12:10:49 Latest version is 1.5.3
2024-02-11 12:10:49 App is up to date.
2024-02-11 13:10:49 Checking for update using Github
2024-02-11 13:10:49 Success.
2024-02-11 13:10:49 Latest version is 1.5.3
2024-02-11 13:10:49 App is up to date.
2024-02-11 14:10:49 Checking for update using Github
2024-02-11 14:10:49 Success.
2024-02-11 14:10:49 Latest version is 1.5.3
2024-02-11 14:10:49 App is up to date.
2024-02-11 15:10:49 Checking for update using Github
2024-02-11 15:10:49 Success.
2024-02-11 15:10:49 Latest version is 1.5.3
2024-02-11 15:10:49 App is up to date.
2024-02-11 16:10:49 Checking for update using Github
2024-02-11 16:10:49 Success.
2024-02-11 16:10:49 Latest version is 1.5.3
2024-02-11 16:10:49 App is up to date.
2024-02-11 17:10:49 Checking for update using Github
2024-02-11 17:10:49 Success.
2024-02-11 17:10:49 Latest version is 1.5.3
2024-02-11 17:10:49 App is up to date.
2024-02-11 18:10:49 Checking for update using Github
2024-02-11 18:10:49 Success.
2024-02-11 18:10:49 Latest version is 1.5.3
2024-02-11 18:10:49 App is up to date.
2024-02-11 19:10:49 Checking for update using Github
2024-02-11 19:10:49 Success.
2024-02-11 19:10:49 Latest version is 1.5.3
2024-02-11 19:10:49 App is up to date.
2024-02-11 20:10:49 Checking for update using Github
2024-02-11 20:10:49 Success.
2024-02-11 20:10:49 Latest version is 1.5.3
2024-02-11 20:10:49 App is up to date.
2024-02-11 21:10:49 Checking for update using Github
2024-02-11 21:10:50 Success.
2024-02-11 21:10:50 Latest version is 1.5.3
2024-02-11 21:10:50 App is up to date.
2024-02-11 22:10:49 Checking for update using Github
2024-02-11 22:10:49 Success.
2024-02-11 22:10:49 Latest version is 1.5.3
2024-02-11 22:10:49 App is up to date.
2024-02-11 23:10:49 Checking for update using Github
2024-02-11 23:10:50 Success.
2024-02-11 23:10:50 Latest version is 1.5.3
2024-02-11 23:10:50 App is up to date.
2024-02-12 12:36:08 Loading main app package /usr/lib/obsidian/obsidian.asar
2024-02-12 12:36:09 Checking for update using Github
2024-02-12 12:36:09 Success.
2024-02-12 12:36:09 Latest version is 1.5.3
2024-02-12 12:36:09 App is up to date.
2024-02-12 13:36:08 Checking for update using Github
2024-02-12 13:36:08 Failed to check for update using Github (net::ERR_INTERNET_DISCONNECTED)
2024-02-12 13:36:08 Checking for update using obsidian.md
2024-02-12 13:36:08 Failed to check for update using obsidian.md (net::ERR_INTERNET_DISCONNECTED)
2024-02-12 14:36:08 Checking for update using Github
2024-02-12 14:36:08 Failed to check for update using Github (net::ERR_INTERNET_DISCONNECTED)
2024-02-12 14:36:08 Checking for update using obsidian.md
2024-02-12 14:36:08 Failed to check for update using obsidian.md (net::ERR_INTERNET_DISCONNECTED)
2024-02-12 15:36:09 Checking for update using Github
2024-02-12 15:36:09 Failed to check for update using Github (net::ERR_INTERNET_DISCONNECTED)
2024-02-12 15:36:09 Checking for update using obsidian.md
2024-02-12 15:36:09 Failed to check for update using obsidian.md (net::ERR_INTERNET_DISCONNECTED)
2024-02-12 16:36:09 Checking for update using Github
2024-02-12 16:36:09 Failed to check for update using Github (net::ERR_INTERNET_DISCONNECTED)
2024-02-12 16:36:09 Checking for update using obsidian.md
2024-02-12 16:36:09 Failed to check for update using obsidian.md (net::ERR_INTERNET_DISCONNECTED)
2024-02-12 17:36:09 Checking for update using Github
2024-02-12 17:36:09 Success.
2024-02-12 17:36:09 Latest version is 1.5.3
2024-02-12 17:36:09 App is up to date.
2024-02-12 18:36:09 Checking for update using Github
2024-02-12 18:36:09 Success.
2024-02-12 18:36:09 Latest version is 1.5.3
2024-02-12 18:36:09 App is up to date.
2024-02-12 19:36:09 Checking for update using Github
2024-02-12 19:36:09 Success.
2024-02-12 19:36:09 Latest version is 1.5.3
2024-02-12 19:36:09 App is up to date.
2024-02-12 20:36:09 Checking for update using Github
2024-02-12 20:36:09 Failed to check for update using Github (net::ERR_INTERNET_DISCONNECTED)
2024-02-12 20:36:09 Checking for update using obsidian.md
2024-02-12 20:36:09 Failed to check for update using obsidian.md (net::ERR_INTERNET_DISCONNECTED)
2024-02-12 21:36:09 Checking for update using Github
2024-02-12 21:36:09 Failed to check for update using Github (net::ERR_INTERNET_DISCONNECTED)
2024-02-12 21:36:09 Checking for update using obsidian.md
2024-02-12 21:36:09 Failed to check for update using obsidian.md (net::ERR_INTERNET_DISCONNECTED)
2024-02-12 22:36:10 Checking for update using Github
2024-02-12 22:36:10 Success.
2024-02-12 22:36:10 Latest version is 1.5.3
2024-02-12 22:36:10 App is up to date.
2024-02-12 23:36:10 Checking for update using Github
2024-02-12 23:36:10 Failed to check for update using Github (net::ERR_INTERNET_DISCONNECTED)
2024-02-12 23:36:10 Checking for update using obsidian.md
2024-02-12 23:36:10 Failed to check for update using obsidian.md (net::ERR_INTERNET_DISCONNECTED)
2024-02-13 12:14:35 Checking for update using Github
2024-02-13 12:14:36 Success.
2024-02-13 12:14:36 Latest version is 1.5.3
2024-02-13 12:14:36 App is up to date.
2024-02-13 13:14:37 Checking for update using Github
2024-02-13 13:14:37 Success.
2024-02-13 13:14:37 Latest version is 1.5.3
2024-02-13 13:14:37 App is up to date.
2024-02-14 12:38:59 Loading main app package /usr/lib/obsidian/obsidian.asar
2024-02-14 12:39:00 Checking for update using Github
2024-02-14 12:39:00 Success.
2024-02-14 12:39:00 Latest version is 1.5.3
2024-02-14 12:39:00 App is up to date.
2024-02-14 13:38:59 Checking for update using Github
2024-02-14 13:38:59 Success.
2024-02-14 13:38:59 Latest version is 1.5.3
2024-02-14 13:38:59 App is up to date.
2024-02-14 14:38:59 Checking for update using Github
2024-02-14 14:39:00 Success.
2024-02-14 14:39:00 Latest version is 1.5.3
2024-02-14 14:39:00 App is up to date.
2024-02-14 15:38:59 Checking for update using Github
2024-02-14 15:39:00 Success.
2024-02-14 15:39:00 Latest version is 1.5.3
2024-02-14 15:39:00 App is up to date.
2024-02-14 16:38:59 Checking for update using Github
2024-02-14 16:39:00 Success.
2024-02-14 16:39:00 Latest version is 1.5.3
2024-02-14 16:39:00 App is up to date.
2024-02-14 17:38:59 Checking for update using Github
2024-02-14 17:39:00 Success.
2024-02-14 17:39:00 Latest version is 1.5.3
2024-02-14 17:39:00 App is up to date.
2024-02-14 18:38:59 Checking for update using Github
2024-02-14 18:39:00 Success.
2024-02-14 18:39:00 Latest version is 1.5.3
2024-02-14 18:39:00 App is up to date.
2024-02-14 19:39:00 Checking for update using Github
2024-02-14 19:39:00 Success.
2024-02-14 19:39:00 Latest version is 1.5.3
2024-02-14 19:39:00 App is up to date.
2024-02-14 20:39:00 Checking for update using Github
2024-02-14 20:39:00 Success.
2024-02-14 20:39:00 Latest version is 1.5.3
2024-02-14 20:39:00 App is up to date.
2024-02-14 21:39:00 Checking for update using Github
2024-02-14 21:39:00 Success.
2024-02-14 21:39:00 Latest version is 1.5.3
2024-02-14 21:39:00 App is up to date.
2024-02-14 22:39:00 Checking for update using Github
2024-02-14 22:39:00 Success.
2024-02-14 22:39:00 Latest version is 1.5.3
2024-02-14 22:39:00 App is up to date.
2024-02-14 23:39:00 Checking for update using Github
2024-02-14 23:39:00 Success.
2024-02-14 23:39:00 Latest version is 1.5.3
2024-02-14 23:39:00 App is up to date.
2024-02-15 13:04:18 Checking for update using Github
2024-02-15 13:04:20 Success.
2024-02-15 13:04:20 Latest version is 1.5.3
2024-02-15 13:04:20 App is up to date.
2024-02-15 14:04:18 Checking for update using Github
2024-02-15 14:04:19 Success.
2024-02-15 14:04:19 Latest version is 1.5.3
2024-02-15 14:04:19 App is up to date.
2024-02-15 15:04:18 Checking for update using Github
2024-02-15 15:04:19 Success.
2024-02-15 15:04:19 Latest version is 1.5.3
2024-02-15 15:04:19 App is up to date.
2024-02-15 16:04:19 Checking for update using Github
2024-02-15 16:04:19 Success.
2024-02-15 16:04:19 Latest version is 1.5.3
2024-02-15 16:04:19 App is up to date.
2024-02-15 17:04:19 Checking for update using Github
2024-02-15 17:04:19 Success.
2024-02-15 17:04:19 Latest version is 1.5.3
2024-02-15 17:04:19 App is up to date.
2024-02-15 18:04:19 Checking for update using Github
2024-02-15 18:04:19 Success.
2024-02-15 18:04:19 Latest version is 1.5.3
2024-02-15 18:04:19 App is up to date.
2024-02-15 19:04:19 Checking for update using Github
2024-02-15 19:04:19 Success.
2024-02-15 19:04:19 Latest version is 1.5.3
2024-02-15 19:04:19 App is up to date.
2024-02-15 20:04:19 Checking for update using Github
2024-02-15 20:04:19 Success.
2024-02-15 20:04:19 Latest version is 1.5.3
2024-02-15 20:04:19 App is up to date.
2024-02-15 21:04:19 Checking for update using Github
2024-02-15 21:04:19 Success.
2024-02-15 21:04:19 Latest version is 1.5.3
2024-02-15 21:04:19 App is up to date.
2024-02-15 22:04:19 Checking for update using Github
2024-02-15 22:04:19 Success.
2024-02-15 22:04:19 Latest version is 1.5.3
2024-02-15 22:04:19 App is up to date.
2024-02-15 23:04:19 Checking for update using Github
2024-02-15 23:04:20 Success.
2024-02-15 23:04:20 Latest version is 1.5.3
2024-02-15 23:04:20 App is up to date.
2024-02-16 12:19:48 Checking for update using Github
2024-02-16 12:19:55 Success.
2024-02-16 12:19:55 Latest version is 1.5.3
2024-02-16 12:19:55 App is up to date.
2024-02-16 13:19:48 Checking for update using Github
2024-02-16 13:19:49 Success.
2024-02-16 13:19:49 Latest version is 1.5.3
2024-02-16 13:19:49 App is up to date.
2024-02-16 14:19:48 Checking for update using Github
2024-02-16 14:19:49 Success.
2024-02-16 14:19:49 Latest version is 1.5.3
2024-02-16 14:19:49 App is up to date.
2024-02-16 15:19:48 Checking for update using Github
2024-02-16 15:19:49 Success.
2024-02-16 15:19:49 Latest version is 1.5.3
2024-02-16 15:19:49 App is up to date.
2024-02-16 16:19:49 Checking for update using Github
2024-02-16 16:19:49 Success.
2024-02-16 16:19:49 Latest version is 1.5.3
2024-02-16 16:19:49 App is up to date.
2024-02-16 17:19:49 Checking for update using Github
2024-02-16 17:19:49 Success.
2024-02-16 17:19:49 Latest version is 1.5.3
2024-02-16 17:19:49 App is up to date.
2024-02-16 18:19:49 Checking for update using Github
2024-02-16 18:19:49 Success.
2024-02-16 18:19:49 Latest version is 1.5.3
2024-02-16 18:19:49 App is up to date.
2024-02-16 19:19:49 Checking for update using Github
2024-02-16 19:19:49 Success.
2024-02-16 19:19:49 Latest version is 1.5.3
2024-02-16 19:19:49 App is up to date.
2024-02-16 20:19:49 Checking for update using Github
2024-02-16 20:19:49 Success.
2024-02-16 20:19:49 Latest version is 1.5.3
2024-02-16 20:19:49 App is up to date.
2024-02-16 21:19:49 Checking for update using Github
2024-02-16 21:19:50 Success.
2024-02-16 21:19:50 Latest version is 1.5.3
2024-02-16 21:19:50 App is up to date.
2024-02-16 22:19:49 Checking for update using Github
2024-02-16 22:19:49 Success.
2024-02-16 22:19:49 Latest version is 1.5.3
2024-02-16 22:19:49 App is up to date.
2024-02-16 23:19:49 Checking for update using Github
2024-02-16 23:19:50 Success.
2024-02-16 23:19:50 Latest version is 1.5.3
2024-02-16 23:19:50 App is up to date.
2024-02-17 00:19:49 Checking for update using Github
2024-02-17 00:19:50 Success.
2024-02-17 00:19:50 Latest version is 1.5.3
2024-02-17 00:19:50 App is up to date.
2024-02-17 13:23:23 Checking for update using Github
2024-02-17 13:23:24 Success.
2024-02-17 13:23:24 Latest version is 1.5.3
2024-02-17 13:23:24 App is up to date.
2024-02-17 14:23:24 Checking for update using Github
2024-02-17 14:23:25 Success.
2024-02-17 14:23:25 Latest version is 1.5.3
2024-02-17 14:23:25 App is up to date.
2024-02-17 15:23:24 Checking for update using Github
2024-02-17 15:23:25 Success.
2024-02-17 15:23:25 Latest version is 1.5.3
2024-02-17 15:23:25 App is up to date.
2024-02-17 16:23:24 Checking for update using Github
2024-02-17 16:23:28 Success.
2024-02-17 16:23:28 Latest version is 1.5.3
2024-02-17 16:23:28 App is up to date.
2024-02-17 17:23:24 Checking for update using Github
2024-02-17 17:23:25 Success.
2024-02-17 17:23:25 Latest version is 1.5.3
2024-02-17 17:23:25 App is up to date.
2024-02-17 18:23:25 Checking for update using Github
2024-02-17 18:23:25 Success.
2024-02-17 18:23:25 Latest version is 1.5.3
2024-02-17 18:23:25 App is up to date.
2024-02-17 19:23:25 Checking for update using Github
2024-02-17 19:23:25 Success.
2024-02-17 19:23:25 Latest version is 1.5.3
2024-02-17 19:23:25 App is up to date.
2024-02-17 20:23:25 Checking for update using Github
2024-02-17 20:23:25 Success.
2024-02-17 20:23:25 Latest version is 1.5.3
2024-02-17 20:23:25 App is up to date.
2024-02-17 21:23:25 Checking for update using Github
2024-02-17 21:23:25 Success.
2024-02-17 21:23:25 Latest version is 1.5.3
2024-02-17 21:23:25 App is up to date.
2024-02-17 22:23:25 Checking for update using Github
2024-02-17 22:23:25 Success.
2024-02-17 22:23:25 Latest version is 1.5.3
2024-02-17 22:23:25 App is up to date.
2024-02-17 23:23:25 Checking for update using Github
2024-02-17 23:23:25 Success.
2024-02-17 23:23:25 Latest version is 1.5.3
2024-02-17 23:23:25 App is up to date.
2024-02-18 00:23:25 Checking for update using Github
2024-02-18 00:23:26 Success.
2024-02-18 00:23:26 Latest version is 1.5.3
2024-02-18 00:23:26 App is up to date.
2024-02-18 12:38:26 Loading main app package /usr/lib/obsidian/obsidian.asar
2024-02-18 12:38:27 Checking for update using Github
2024-02-18 12:38:27 Success.
2024-02-18 12:38:27 Latest version is 1.5.3
2024-02-18 12:38:27 App is up to date.
2024-02-18 13:38:26 Checking for update using Github
2024-02-18 13:38:27 Success.
2024-02-18 13:38:27 Latest version is 1.5.3
2024-02-18 13:38:27 App is up to date.
2024-02-18 14:38:26 Checking for update using Github
2024-02-18 14:38:27 Success.
2024-02-18 14:38:27 Latest version is 1.5.3
2024-02-18 14:38:27 App is up to date.
2024-02-18 15:38:27 Checking for update using Github
2024-02-18 15:38:27 Success.
2024-02-18 15:38:27 Latest version is 1.5.3
2024-02-18 15:38:27 App is up to date.
2024-02-18 16:38:27 Checking for update using Github
2024-02-18 16:38:27 Success.
2024-02-18 16:38:27 Latest version is 1.5.3
2024-02-18 16:38:27 App is up to date.
2024-02-18 17:38:27 Checking for update using Github
2024-02-18 17:38:27 Success.
2024-02-18 17:38:27 Latest version is 1.5.3
2024-02-18 17:38:27 App is up to date.
2024-02-18 18:38:27 Checking for update using Github
2024-02-18 18:38:27 Success.
2024-02-18 18:38:27 Latest version is 1.5.3
2024-02-18 18:38:27 App is up to date.
2024-02-18 19:38:27 Checking for update using Github
2024-02-18 19:38:27 Success.
2024-02-18 19:38:27 Latest version is 1.5.3
2024-02-18 19:38:27 App is up to date.
2024-02-18 20:38:27 Checking for update using Github
2024-02-18 20:38:28 Success.
2024-02-18 20:38:28 Latest version is 1.5.3
2024-02-18 20:38:28 App is up to date.
2024-02-18 21:38:27 Checking for update using Github
2024-02-18 21:38:47 Failed to check for update using Github (net::ERR_NAME_NOT_RESOLVED)
2024-02-18 21:38:47 Checking for update using obsidian.md
2024-02-18 21:38:54 Success.
2024-02-18 21:38:54 Latest version is 1.5.3
2024-02-18 21:38:54 App is up to date.
2024-02-18 22:38:27 Checking for update using Github
2024-02-18 22:38:28 Success.
2024-02-18 22:38:28 Latest version is 1.5.3
2024-02-18 22:38:28 App is up to date.
2024-02-18 23:38:27 Checking for update using Github
2024-02-18 23:38:28 Success.
2024-02-18 23:38:28 Latest version is 1.5.3
2024-02-18 23:38:28 App is up to date.
2024-02-19 00:38:27 Checking for update using Github
2024-02-19 00:38:28 Success.
2024-02-19 00:38:28 Latest version is 1.5.3
2024-02-19 00:38:28 App is up to date.
2024-02-19 18:57:40 Loading main app package /usr/lib/obsidian/obsidian.asar
2024-02-19 18:57:41 Checking for update using Github
2024-02-19 18:57:41 Success.
2024-02-19 18:57:41 Latest version is 1.5.3
2024-02-19 18:57:41 App is up to date.
2024-02-19 19:57:40 Checking for update using Github
2024-02-19 19:57:46 Success.
2024-02-19 19:57:46 Latest version is 1.5.3
2024-02-19 19:57:46 App is up to date.
2024-02-19 20:57:40 Checking for update using Github
2024-02-19 20:57:41 Success.
2024-02-19 20:57:41 Latest version is 1.5.3
2024-02-19 20:57:41 App is up to date.
2024-02-19 21:57:41 Checking for update using Github
2024-02-19 21:57:41 Success.
2024-02-19 21:57:41 Latest version is 1.5.3
2024-02-19 21:57:41 App is up to date.
2024-02-19 22:57:41 Checking for update using Github
2024-02-19 22:57:41 Success.
2024-02-19 22:57:41 Latest version is 1.5.3
2024-02-19 22:57:41 App is up to date.
2024-02-21 13:18:33 Loading main app package /usr/lib/obsidian/obsidian.asar
2024-02-21 13:18:34 Checking for update using Github
2024-02-21 13:18:34 Success.
2024-02-21 13:18:34 Latest version is 1.5.3
2024-02-21 13:18:34 App is up to date.
2024-02-21 14:18:33 Checking for update using Github
2024-02-21 14:18:34 Success.
2024-02-21 14:18:34 Latest version is 1.5.3
2024-02-21 14:18:34 App is up to date.
2024-02-21 15:18:33 Checking for update using Github
2024-02-21 15:18:34 Success.
2024-02-21 15:18:34 Latest version is 1.5.3
2024-02-21 15:18:34 App is up to date.
2024-02-21 16:18:34 Checking for update using Github
2024-02-21 16:18:35 Success.
2024-02-21 16:18:35 Latest version is 1.5.3
2024-02-21 16:18:35 App is up to date.
2024-02-21 17:18:34 Checking for update using Github
2024-02-21 17:18:34 Success.
2024-02-21 17:18:34 Latest version is 1.5.3
2024-02-21 17:18:34 App is up to date.
2024-02-21 18:18:34 Checking for update using Github
2024-02-21 18:18:34 Success.
2024-02-21 18:18:34 Latest version is 1.5.3
2024-02-21 18:18:34 App is up to date.
2024-02-21 19:18:34 Checking for update using Github
2024-02-21 19:18:34 Success.
2024-02-21 19:18:34 Latest version is 1.5.3
2024-02-21 19:18:34 App is up to date.
2024-02-21 20:18:34 Checking for update using Github
2024-02-21 20:18:34 Success.
2024-02-21 20:18:34 Latest version is 1.5.3
2024-02-21 20:18:34 App is up to date.
2024-02-21 21:18:34 Checking for update using Github
2024-02-21 21:18:34 Success.
2024-02-21 21:18:34 Latest version is 1.5.3
2024-02-21 21:18:34 App is up to date.
2024-02-21 22:18:34 Checking for update using Github
2024-02-21 22:18:35 Success.
2024-02-21 22:18:35 Latest version is 1.5.3
2024-02-21 22:18:35 App is up to date.
2024-02-21 23:18:34 Checking for update using Github
2024-02-21 23:18:34 Success.
2024-02-21 23:18:34 Latest version is 1.5.3
2024-02-21 23:18:34 App is up to date.
2024-02-22 00:18:34 Checking for update using Github
2024-02-22 00:18:34 Success.
2024-02-22 00:18:34 Latest version is 1.5.3
2024-02-22 00:18:34 App is up to date.
2024-02-22 01:18:34 Checking for update using Github
2024-02-22 01:18:35 Success.
2024-02-22 01:18:35 Latest version is 1.5.3
2024-02-22 01:18:35 App is up to date.
2024-02-22 16:09:30 Loading main app package /usr/lib/obsidian/obsidian.asar
2024-02-22 16:09:31 Checking for update using Github
2024-02-22 16:09:31 Success.
2024-02-22 16:09:31 Latest version is 1.5.8
2024-02-22 16:09:31 Downloading update from https://github.com/obsidianmd/obsidian-releases/releases/download/v1.5.8/obsidian-1.5.8.asar.gz
2024-02-22 16:09:35 Verifying hash & signature. Size= 8652806
2024-02-22 16:09:35 Saving file
2024-02-22 16:09:36 Update complete.
2024-02-22 17:09:31 Checking for update using Github
2024-02-22 17:09:31 Success.
2024-02-22 17:09:31 Latest version is 1.5.8
2024-02-22 17:09:31 An update is already downloaded.
2024-02-22 18:09:31 Checking for update using Github
2024-02-22 18:09:31 Success.
2024-02-22 18:09:31 Latest version is 1.5.8
2024-02-22 18:09:31 An update is already downloaded.
2024-02-22 19:09:31 Checking for update using Github
2024-02-22 19:09:31 Success.
2024-02-22 19:09:31 Latest version is 1.5.8
2024-02-22 19:09:31 An update is already downloaded.
2024-02-22 20:09:31 Checking for update using Github
2024-02-22 20:09:34 Success.
2024-02-22 20:09:34 Latest version is 1.5.8
2024-02-22 20:09:34 An update is already downloaded.
2024-02-22 21:09:31 Checking for update using Github
2024-02-22 21:09:31 Success.
2024-02-22 21:09:31 Latest version is 1.5.8
2024-02-22 21:09:31 An update is already downloaded.
2024-02-22 22:09:31 Checking for update using Github
2024-02-22 22:09:31 Success.
2024-02-22 22:09:31 Latest version is 1.5.8
2024-02-22 22:09:31 An update is already downloaded.
2024-02-22 23:09:31 Checking for update using Github
2024-02-22 23:09:31 Success.
2024-02-22 23:09:31 Latest version is 1.5.8
2024-02-22 23:09:31 An update is already downloaded.
2024-02-23 00:09:31 Checking for update using Github
2024-02-23 00:09:32 Success.
2024-02-23 00:09:32 Latest version is 1.5.8
2024-02-23 00:09:32 An update is already downloaded.
2024-02-23 01:09:31 Checking for update using Github
2024-02-23 01:09:32 Success.
2024-02-23 01:09:32 Latest version is 1.5.8
2024-02-23 01:09:32 An update is already downloaded.
2024-02-23 13:49:08 Loading updated app package /home/rodya/.config/obsidian/obsidian-1.5.8.asar
2024-02-23 13:49:09 Checking for update using Github
2024-02-23 13:49:09 Success.
2024-02-23 13:49:09 Latest version is 1.5.8
2024-02-23 13:49:09 App is up to date.
2024-02-23 14:49:09 Checking for update using Github
2024-02-23 14:49:09 Success.
2024-02-23 14:49:09 Latest version is 1.5.8
2024-02-23 14:49:09 App is up to date.
2024-02-23 15:49:09 Checking for update using Github
2024-02-23 15:49:09 Success.
2024-02-23 15:49:09 Latest version is 1.5.8
2024-02-23 15:49:09 App is up to date.
2024-02-23 16:49:09 Checking for update using Github
2024-02-23 16:49:09 Success.
2024-02-23 16:49:09 Latest version is 1.5.8
2024-02-23 16:49:09 App is up to date.
2024-02-23 17:49:09 Checking for update using Github
2024-02-23 17:49:09 Success.
2024-02-23 17:49:09 Latest version is 1.5.8
2024-02-23 17:49:09 App is up to date.
2024-02-23 18:49:09 Checking for update using Github
2024-02-23 18:49:09 Success.
2024-02-23 18:49:09 Latest version is 1.5.8
2024-02-23 18:49:09 App is up to date.
2024-02-23 19:49:09 Checking for update using Github
2024-02-23 19:49:09 Success.
2024-02-23 19:49:09 Latest version is 1.5.8
2024-02-23 19:49:09 App is up to date.
2024-02-23 20:49:09 Checking for update using Github
2024-02-23 20:49:19 Failed to check for update using Github (net::ERR_NAME_NOT_RESOLVED)
2024-02-23 20:49:19 Checking for update using obsidian.md
2024-02-23 20:49:29 Failed to check for update using obsidian.md (net::ERR_NAME_NOT_RESOLVED)
2024-02-23 21:49:09 Checking for update using Github
2024-02-23 21:49:10 Success.
2024-02-23 21:49:10 Latest version is 1.5.8
2024-02-23 21:49:10 App is up to date.
2024-02-23 22:49:09 Checking for update using Github
2024-02-23 22:49:09 Success.
2024-02-23 22:49:09 Latest version is 1.5.8
2024-02-23 22:49:09 App is up to date.
2024-02-23 23:49:09 Checking for update using Github
2024-02-23 23:49:10 Success.
2024-02-23 23:49:10 Latest version is 1.5.8
2024-02-23 23:49:10 App is up to date.
2024-02-24 00:49:09 Checking for update using Github
2024-02-24 00:49:10 Success.
2024-02-24 00:49:10 Latest version is 1.5.8
2024-02-24 00:49:10 App is up to date.
2024-02-24 01:49:10 Checking for update using Github
2024-02-24 01:49:10 Success.
2024-02-24 01:49:10 Latest version is 1.5.8
2024-02-24 01:49:10 App is up to date.
2024-02-24 21:04:51 Loading updated app package /home/rodya/.config/obsidian/obsidian-1.5.8.asar
2024-02-24 21:04:51 Checking for update using Github
2024-02-24 21:04:58 Success.
2024-02-24 21:04:58 Latest version is 1.5.8
2024-02-24 21:04:58 App is up to date.
2024-02-24 22:04:51 Checking for update using Github
2024-02-24 22:04:51 Success.
2024-02-24 22:04:51 Latest version is 1.5.8
2024-02-24 22:04:51 App is up to date.
2024-02-25 14:50:09 Loading updated app package /home/rodya/.config/obsidian/obsidian-1.5.8.asar
2024-02-25 14:50:10 Checking for update using Github
2024-02-25 14:50:10 Success.
2024-02-25 14:50:10 Latest version is 1.5.8
2024-02-25 14:50:10 App is up to date.
2024-02-25 15:50:09 Checking for update using Github
2024-02-25 15:50:10 Success.
2024-02-25 15:50:10 Latest version is 1.5.8
2024-02-25 15:50:10 App is up to date.
2024-02-25 16:50:09 Checking for update using Github
2024-02-25 16:50:10 Success.
2024-02-25 16:50:10 Latest version is 1.5.8
2024-02-25 16:50:10 App is up to date.
2024-02-25 17:50:09 Checking for update using Github
2024-02-25 17:50:10 Success.
2024-02-25 17:50:10 Latest version is 1.5.8
2024-02-25 17:50:10 App is up to date.
2024-02-25 18:50:09 Checking for update using Github
2024-02-25 18:50:10 Success.
2024-02-25 18:50:10 Latest version is 1.5.8
2024-02-25 18:50:10 App is up to date.
2024-02-25 19:50:10 Checking for update using Github
2024-02-25 19:50:10 Success.
2024-02-25 19:50:10 Latest version is 1.5.8
2024-02-25 19:50:10 App is up to date.
2024-02-25 20:50:10 Checking for update using Github
2024-02-25 20:50:15 Success.
2024-02-25 20:50:15 Latest version is 1.5.8
2024-02-25 20:50:15 App is up to date.
2024-02-25 21:50:10 Checking for update using Github
2024-02-25 21:50:10 Success.
2024-02-25 21:50:10 Latest version is 1.5.8
2024-02-25 21:50:10 App is up to date.
2024-02-25 22:50:10 Checking for update using Github
2024-02-25 22:50:10 Success.
2024-02-25 22:50:10 Latest version is 1.5.8
2024-02-25 22:50:10 App is up to date.
2024-02-25 23:50:10 Checking for update using Github
2024-02-25 23:50:10 Success.
2024-02-25 23:50:10 Latest version is 1.5.8
2024-02-25 23:50:10 App is up to date.
2024-02-26 00:50:10 Checking for update using Github
2024-02-26 00:50:10 Success.
2024-02-26 00:50:10 Latest version is 1.5.8
2024-02-26 00:50:10 App is up to date.
2024-02-26 01:50:10 Checking for update using Github
2024-02-26 01:50:10 Success.
2024-02-26 01:50:10 Latest version is 1.5.8
2024-02-26 01:50:10 App is up to date.
2024-02-27 12:17:14 Loading updated app package /home/rodya/.config/obsidian/obsidian-1.5.8.asar
2024-02-27 12:17:14 Checking for update using Github
2024-02-27 12:17:15 Success.
2024-02-27 12:17:15 Latest version is 1.5.8
2024-02-27 12:17:15 App is up to date.
2024-02-27 17:41:10 Loading updated app package /home/rodya/.config/obsidian/obsidian-1.5.8.asar
2024-02-27 17:41:10 Checking for update using Github
2024-02-27 17:41:11 Success.
2024-02-27 17:41:11 Latest version is 1.5.8
2024-02-27 17:41:11 App is up to date.
2024-02-27 18:41:10 Checking for update using Github
2024-02-27 18:41:10 Success.
2024-02-27 18:41:10 Latest version is 1.5.8
2024-02-27 18:41:10 App is up to date.
2024-02-27 19:41:10 Checking for update using Github
2024-02-27 19:41:10 Success.
2024-02-27 19:41:10 Latest version is 1.5.8
2024-02-27 19:41:10 App is up to date.
2024-02-27 20:41:10 Checking for update using Github
2024-02-27 20:41:10 Success.
2024-02-27 20:41:10 Latest version is 1.5.8
2024-02-27 20:41:10 App is up to date.
2024-02-27 21:41:10 Checking for update using Github
2024-02-27 21:41:11 Success.
2024-02-27 21:41:11 Latest version is 1.5.8
2024-02-27 21:41:11 App is up to date.
2024-02-27 22:41:10 Checking for update using Github
2024-02-27 22:41:11 Success.
2024-02-27 22:41:11 Latest version is 1.5.8
2024-02-27 22:41:11 App is up to date.
2024-02-27 23:41:10 Checking for update using Github
2024-02-27 23:41:10 Failed to check for update using Github (net::ERR_INTERNET_DISCONNECTED)
2024-02-27 23:41:10 Checking for update using obsidian.md
2024-02-27 23:41:10 Failed to check for update using obsidian.md (net::ERR_INTERNET_DISCONNECTED)
2024-02-28 19:52:40 Loading updated app package /home/rodya/.config/obsidian/obsidian-1.5.8.asar
2024-02-28 19:52:40 Checking for update using Github
2024-02-28 19:52:40 Success.
2024-02-28 19:52:40 Latest version is 1.5.8
2024-02-28 19:52:40 App is up to date.
2024-02-28 20:52:40 Checking for update using Github
2024-02-28 20:52:40 Success.
2024-02-28 20:52:40 Latest version is 1.5.8
2024-02-28 20:52:40 App is up to date.
2024-02-28 21:52:40 Checking for update using Github
2024-02-28 21:52:40 Success.
2024-02-28 21:52:40 Latest version is 1.5.8
2024-02-28 21:52:40 App is up to date.
2024-02-28 22:52:40 Checking for update using Github
2024-02-28 22:52:40 Success.
2024-02-28 22:52:40 Latest version is 1.5.8
2024-02-28 22:52:40 App is up to date.
2024-02-28 23:52:40 Checking for update using Github
2024-02-28 23:52:40 Success.
2024-02-28 23:52:40 Latest version is 1.5.8
2024-02-28 23:52:40 App is up to date.
2024-03-01 15:45:53 Loading updated app package /home/rodya/.config/obsidian/obsidian-1.5.8.asar
2024-03-01 15:45:53 Checking for update using Github
2024-03-01 15:45:54 Success.
2024-03-01 15:45:54 Latest version is 1.5.8
2024-03-01 15:45:54 App is up to date.
2024-03-01 16:45:53 Checking for update using Github
2024-03-01 16:45:53 Success.
2024-03-01 16:45:53 Latest version is 1.5.8
2024-03-01 16:45:53 App is up to date.
2024-03-01 17:45:53 Checking for update using Github
2024-03-01 17:45:53 Success.
2024-03-01 17:45:53 Latest version is 1.5.8
2024-03-01 17:45:53 App is up to date.
2024-03-01 18:45:53 Checking for update using Github
2024-03-01 18:45:53 Success.
2024-03-01 18:45:53 Latest version is 1.5.8
2024-03-01 18:45:53 App is up to date.
2024-03-01 19:45:53 Checking for update using Github
2024-03-01 19:45:53 Success.
2024-03-01 19:45:53 Latest version is 1.5.8
2024-03-01 19:45:53 App is up to date.
2024-03-01 20:45:53 Checking for update using Github
2024-03-01 20:45:53 Success.
2024-03-01 20:45:53 Latest version is 1.5.8
2024-03-01 20:45:53 App is up to date.
2024-03-02 17:17:03 Loading updated app package /home/rodya/.config/obsidian/obsidian-1.5.8.asar
2024-03-02 17:17:03 Checking for update using Github
2024-03-02 17:17:04 Success.
2024-03-02 17:17:04 Latest version is 1.5.8
2024-03-02 17:17:04 App is up to date.
2024-03-02 18:17:03 Checking for update using Github
2024-03-02 18:17:03 Success.
2024-03-02 18:17:03 Latest version is 1.5.8
2024-03-02 18:17:03 App is up to date.
2024-03-02 19:17:03 Checking for update using Github
2024-03-02 19:17:04 Success.
2024-03-02 19:17:04 Latest version is 1.5.8
2024-03-02 19:17:04 App is up to date.
2024-03-02 20:17:03 Checking for update using Github
2024-03-02 20:17:04 Success.
2024-03-02 20:17:04 Latest version is 1.5.8
2024-03-02 20:17:04 App is up to date.
2024-03-02 21:17:03 Checking for update using Github
2024-03-02 21:17:04 Success.
2024-03-02 21:17:04 Latest version is 1.5.8
2024-03-02 21:17:04 App is up to date.
2024-03-04 02:21:14 Loading updated app package /home/rodya/.config/obsidian/obsidian-1.5.8.asar
2024-03-04 02:21:15 Checking for update using Github
2024-03-04 02:21:16 Success.
2024-03-04 02:21:16 Latest version is 1.5.8
2024-03-04 02:21:16 App is up to date.
2024-03-04 15:19:06 Loading updated app package /home/rodya/.config/obsidian/obsidian-1.5.8.asar
2024-03-04 15:19:06 Checking for update using Github
2024-03-04 15:19:07 Success.
2024-03-04 15:19:07 Latest version is 1.5.8
2024-03-04 15:19:07 App is up to date.
2024-03-04 16:19:06 Checking for update using Github
2024-03-04 16:19:06 Success.
2024-03-04 16:19:06 Latest version is 1.5.8
2024-03-04 16:19:06 App is up to date.
2024-03-04 17:19:06 Checking for update using Github
2024-03-04 17:19:06 Success.
2024-03-04 17:19:06 Latest version is 1.5.8
2024-03-04 17:19:06 App is up to date.
2024-03-04 18:19:06 Checking for update using Github
2024-03-04 18:19:06 Success.
2024-03-04 18:19:06 Latest version is 1.5.8
2024-03-04 18:19:06 App is up to date.
2024-03-04 19:19:06 Checking for update using Github
2024-03-04 19:19:07 Success.
2024-03-04 19:19:07 Latest version is 1.5.8
2024-03-04 19:19:07 App is up to date.
2024-03-04 20:19:06 Checking for update using Github
2024-03-04 20:19:07 Success.
2024-03-04 20:19:07 Latest version is 1.5.8
2024-03-04 20:19:07 App is up to date.
2024-03-04 21:19:06 Checking for update using Github
2024-03-04 21:19:07 Success.
2024-03-04 21:19:07 Latest version is 1.5.8
2024-03-04 21:19:07 App is up to date.
2024-03-04 22:19:07 Checking for update using Github
2024-03-04 22:19:07 Success.
2024-03-04 22:19:07 Latest version is 1.5.8
2024-03-04 22:19:07 App is up to date.
2024-03-04 23:19:07 Checking for update using Github
2024-03-04 23:19:07 Success.
2024-03-04 23:19:07 Latest version is 1.5.8
2024-03-04 23:19:07 App is up to date.
2024-03-05 00:19:07 Checking for update using Github
2024-03-05 00:19:07 Success.
2024-03-05 00:19:07 Latest version is 1.5.8
2024-03-05 00:19:07 App is up to date.
2024-03-05 01:19:07 Checking for update using Github
2024-03-05 01:19:07 Success.
2024-03-05 01:19:07 Latest version is 1.5.8
2024-03-05 01:19:07 App is up to date.
2024-03-05 02:19:07 Checking for update using Github
2024-03-05 02:19:07 Success.
2024-03-05 02:19:07 Latest version is 1.5.8
2024-03-05 02:19:07 App is up to date.
2024-03-05 03:19:07 Checking for update using Github
2024-03-05 03:19:07 Success.
2024-03-05 03:19:07 Latest version is 1.5.8
2024-03-05 03:19:07 App is up to date.
2024-03-05 17:37:55 Loading updated app package /home/rodya/.config/obsidian/obsidian-1.5.8.asar
2024-03-05 17:37:55 Checking for update using Github
2024-03-05 17:37:56 Success.
2024-03-05 17:37:56 Latest version is 1.5.8
2024-03-05 17:37:56 App is up to date.
2024-03-05 18:37:55 Checking for update using Github
2024-03-05 18:37:55 Success.
2024-03-05 18:37:55 Latest version is 1.5.8
2024-03-05 18:37:55 App is up to date.
2024-03-06 18:28:56 Loading updated app package /home/rodya/.config/obsidian/obsidian-1.5.8.asar
2024-03-06 18:28:57 Checking for update using Github
2024-03-06 18:28:58 Success.
2024-03-06 18:28:58 Latest version is 1.5.8
2024-03-06 18:28:58 App is up to date.
2024-03-06 18:52:49 Loading updated app package /home/rodya/.config/obsidian/obsidian-1.5.8.asar
2024-03-06 18:52:50 Checking for update using Github
2024-03-06 18:52:58 Success.
2024-03-06 18:52:58 Latest version is 1.5.8
2024-03-06 18:52:58 App is up to date.
2024-03-06 19:52:50 Checking for update using Github
2024-03-06 19:52:50 Success.
2024-03-06 19:52:50 Latest version is 1.5.8
2024-03-06 19:52:50 App is up to date.
2024-03-06 20:52:50 Checking for update using Github
2024-03-06 20:52:50 Success.
2024-03-06 20:52:50 Latest version is 1.5.8
2024-03-06 20:52:50 App is up to date.
2024-03-06 21:52:50 Checking for update using Github
2024-03-06 21:52:50 Success.
2024-03-06 21:52:50 Latest version is 1.5.8
2024-03-06 21:52:50 App is up to date.
2024-03-07 04:08:41 Loading updated app package /home/rodya/.config/obsidian/obsidian-1.5.8.asar
2024-03-07 04:08:41 Checking for update using Github
2024-03-07 04:08:42 Success.
2024-03-07 04:08:42 Latest version is 1.5.8
2024-03-07 04:08:42 App is up to date.
2024-03-08 16:39:37 Loading updated app package /home/rodya/.config/obsidian/obsidian-1.5.8.asar
2024-03-08 16:39:38 Checking for update using Github
2024-03-08 16:39:38 Success.
2024-03-08 16:39:38 Latest version is 1.5.8
2024-03-08 16:39:38 App is up to date.
2024-03-08 17:39:37 Checking for update using Github
2024-03-08 17:39:38 Success.
2024-03-08 17:39:38 Latest version is 1.5.8
2024-03-08 17:39:38 App is up to date.
2024-03-08 18:39:37 Checking for update using Github
2024-03-08 18:39:38 Success.
2024-03-08 18:39:38 Latest version is 1.5.8
2024-03-08 18:39:38 App is up to date.
2024-03-08 19:39:37 Checking for update using Github
2024-03-08 19:39:38 Success.
2024-03-08 19:39:38 Latest version is 1.5.8
2024-03-08 19:39:38 App is up to date.
2024-03-08 20:39:38 Checking for update using Github
2024-03-08 20:39:38 Success.
2024-03-08 20:39:38 Latest version is 1.5.8
2024-03-08 20:39:38 App is up to date.
2024-03-08 22:27:56 Loading updated app package /home/rodya/.config/obsidian/obsidian-1.5.8.asar
2024-03-08 22:27:56 Checking for update using Github
2024-03-08 22:27:57 Success.
2024-03-08 22:27:57 Latest version is 1.5.8
2024-03-08 22:27:57 App is up to date.
2024-03-08 23:27:56 Checking for update using Github
2024-03-08 23:27:57 Success.
2024-03-08 23:27:57 Latest version is 1.5.8
2024-03-08 23:27:57 App is up to date.
2024-03-09 00:27:56 Checking for update using Github
2024-03-09 00:27:56 Success.
2024-03-09 00:27:56 Latest version is 1.5.8
2024-03-09 00:27:56 App is up to date.
2024-03-09 01:27:56 Checking for update using Github
2024-03-09 01:27:57 Success.
2024-03-09 01:27:57 Latest version is 1.5.8
2024-03-09 01:27:57 App is up to date.
2024-03-09 02:27:56 Checking for update using Github
2024-03-09 02:27:57 Success.
2024-03-09 02:27:57 Latest version is 1.5.8
2024-03-09 02:27:57 App is up to date.
2024-03-09 03:27:56 Checking for update using Github
2024-03-09 03:27:57 Success.
2024-03-09 03:27:57 Latest version is 1.5.8
2024-03-09 03:27:57 App is up to date.
2024-03-10 18:36:59 Loading main app package /usr/lib/obsidian/obsidian.asar
2024-03-10 18:36:59 Checking for update using Github
2024-03-10 18:37:01 Success.
2024-03-10 18:37:01 Latest version is 1.5.8
2024-03-10 18:37:01 App is up to date.
2024-03-10 19:36:59 Checking for update using Github
2024-03-10 19:36:59 Success.
2024-03-10 19:36:59 Latest version is 1.5.8
2024-03-10 19:36:59 App is up to date.
2024-03-10 20:36:59 Checking for update using Github
2024-03-10 20:36:59 Success.
2024-03-10 20:36:59 Latest version is 1.5.8
2024-03-10 20:36:59 App is up to date.
2024-03-10 21:36:59 Checking for update using Github
2024-03-10 21:36:59 Success.
2024-03-10 21:36:59 Latest version is 1.5.8
2024-03-10 21:36:59 App is up to date.
2024-03-10 22:36:59 Checking for update using Github
2024-03-10 22:37:00 Success.
2024-03-10 22:37:00 Latest version is 1.5.8
2024-03-10 22:37:00 App is up to date.
2024-03-10 23:36:59 Checking for update using Github
2024-03-10 23:36:59 Success.
2024-03-10 23:36:59 Latest version is 1.5.8
2024-03-10 23:36:59 App is up to date.
2024-03-11 17:28:49 Loading main app package /usr/lib/obsidian/obsidian.asar
2024-03-11 17:28:50 Checking for update using Github
2024-03-11 17:28:50 Success.
2024-03-11 17:28:50 Latest version is 1.5.8
2024-03-11 17:28:50 App is up to date.
2024-03-11 18:28:49 Checking for update using Github
2024-03-11 18:28:50 Success.
2024-03-11 18:28:50 Latest version is 1.5.8
2024-03-11 18:28:50 App is up to date.
2024-03-11 19:28:49 Checking for update using Github
2024-03-11 19:28:50 Success.
2024-03-11 19:28:50 Latest version is 1.5.8
2024-03-11 19:28:50 App is up to date.
2024-03-13 22:45:00 Loading main app package /usr/lib/obsidian/obsidian.asar
2024-03-13 22:45:01 Checking for update using Github
2024-03-13 22:45:01 Success.
2024-03-13 22:45:01 Latest version is 1.5.8
2024-03-13 22:45:01 App is up to date.
2024-03-13 23:45:00 Checking for update using Github
2024-03-13 23:45:01 Success.
2024-03-13 23:45:01 Latest version is 1.5.8
2024-03-13 23:45:01 App is up to date.
2024-03-14 00:45:01 Checking for update using Github
2024-03-14 00:45:01 Success.
2024-03-14 00:45:01 Latest version is 1.5.8
2024-03-14 00:45:01 App is up to date.
2024-03-14 01:45:01 Checking for update using Github
2024-03-14 01:45:01 Success.
2024-03-14 01:45:01 Latest version is 1.5.8
2024-03-14 01:45:01 App is up to date.
2024-03-14 02:45:01 Checking for update using Github
2024-03-14 02:45:01 Success.
2024-03-14 02:45:01 Latest version is 1.5.8
2024-03-14 02:45:01 App is up to date.
2024-03-14 03:45:01 Checking for update using Github
2024-03-14 03:45:01 Success.
2024-03-14 03:45:01 Latest version is 1.5.8
2024-03-14 03:45:01 App is up to date.
2024-03-14 04:45:01 Checking for update using Github
2024-03-14 04:45:02 Success.
2024-03-14 04:45:02 Latest version is 1.5.8
2024-03-14 04:45:02 App is up to date.
2024-03-15 01:18:39 Loading main app package /usr/lib/obsidian/obsidian.asar
2024-03-15 01:18:40 Checking for update using Github
2024-03-15 01:18:40 Success.
2024-03-15 01:18:40 Latest version is 1.5.8
2024-03-15 01:18:40 App is up to date.
2024-03-15 02:18:40 Checking for update using Github
2024-03-15 02:18:40 Success.
2024-03-15 02:18:40 Latest version is 1.5.8
2024-03-15 02:18:40 App is up to date.
2024-03-15 03:18:40 Checking for update using Github
2024-03-15 03:18:40 Success.
2024-03-15 03:18:40 Latest version is 1.5.8
2024-03-15 03:18:40 App is up to date.
2024-03-15 04:18:40 Checking for update using Github
2024-03-15 04:18:40 Success.
2024-03-15 04:18:40 Latest version is 1.5.8
2024-03-15 04:18:40 App is up to date.
2024-03-15 05:18:40 Checking for update using Github
2024-03-15 05:18:40 Success.
2024-03-15 05:18:40 Latest version is 1.5.8
2024-03-15 05:18:40 App is up to date.
2024-03-15 17:01:28 Loading main app package /usr/lib/obsidian/obsidian.asar
2024-03-15 17:01:29 Checking for update using Github
2024-03-15 17:01:29 Success.
2024-03-15 17:01:29 Latest version is 1.5.8
2024-03-15 17:01:29 App is up to date.
2024-03-16 05:41:44 Loading main app package /usr/lib/obsidian/obsidian.asar
2024-03-16 05:41:45 Checking for update using Github
2024-03-16 05:41:45 Success.
2024-03-16 05:41:45 Latest version is 1.5.8
2024-03-16 05:41:45 App is up to date.
2024-03-17 00:29:00 Loading main app package /usr/lib/obsidian/obsidian.asar
2024-03-17 00:29:01 Checking for update using Github
2024-03-17 00:29:01 Success.
2024-03-17 00:29:01 Latest version is 1.5.8
2024-03-17 00:29:01 App is up to date.
2024-03-17 01:29:00 Checking for update using Github
2024-03-17 01:29:01 Success.
2024-03-17 01:29:01 Latest version is 1.5.8
2024-03-17 01:29:01 App is up to date.
2024-03-17 02:29:00 Checking for update using Github
2024-03-17 02:29:01 Success.
2024-03-17 02:29:01 Latest version is 1.5.8
2024-03-17 02:29:01 App is up to date.
2024-03-17 03:29:00 Checking for update using Github
2024-03-17 03:29:01 Success.
2024-03-17 03:29:01 Latest version is 1.5.8
2024-03-17 03:29:01 App is up to date.
2024-03-17 04:29:01 Checking for update using Github
2024-03-17 04:29:01 Success.
2024-03-17 04:29:01 Latest version is 1.5.8
2024-03-17 04:29:01 App is up to date.
2024-03-17 05:29:01 Checking for update using Github
2024-03-17 05:29:01 Success.
2024-03-17 05:29:01 Latest version is 1.5.8
2024-03-17 05:29:01 App is up to date.
2024-03-17 20:17:08 Loading main app package /usr/lib/obsidian/obsidian.asar
2024-03-17 20:17:08 Checking for update using Github
2024-03-17 20:17:09 Success.
2024-03-17 20:17:09 Latest version is 1.5.8
2024-03-17 20:17:09 App is up to date.
2024-03-18 03:20:11 Loading main app package /usr/lib/obsidian/obsidian.asar
2024-03-18 03:20:11 Checking for update using Github
2024-03-18 03:20:12 Success.
2024-03-18 03:20:12 Latest version is 1.5.8
2024-03-18 03:20:12 App is up to date.
2024-03-18 04:20:11 Checking for update using Github
2024-03-18 04:20:11 Success.
2024-03-18 04:20:11 Latest version is 1.5.8
2024-03-18 04:20:11 App is up to date.
2024-03-19 00:11:50 Loading main app package /usr/lib/obsidian/obsidian.asar
2024-03-19 00:11:51 Checking for update using Github
2024-03-19 00:11:51 Success.
2024-03-19 00:11:51 Latest version is 1.5.8
2024-03-19 00:11:51 App is up to date.
2024-03-19 01:11:50 Checking for update using Github
2024-03-19 01:11:51 Success.
2024-03-19 01:11:51 Latest version is 1.5.8
2024-03-19 01:11:51 App is up to date.
2024-03-21 01:14:27 Loading main app package /usr/lib/obsidian/obsidian.asar
2024-03-21 01:14:27 Checking for update using Github
2024-03-21 01:14:29 Success.
2024-03-21 01:14:29 Latest version is 1.5.11
2024-03-21 01:14:29 Downloading update from https://github.com/obsidianmd/obsidian-releases/releases/download/v1.5.11/obsidian-1.5.11.asar.gz
2024-03-21 01:14:37 Verifying hash & signature. Size= 8781777
2024-03-21 01:14:37 Saving file
2024-03-21 01:14:38 Update complete.
2024-03-21 02:14:27 Checking for update using Github
2024-03-21 02:14:28 Success.
2024-03-21 02:14:28 Latest version is 1.5.11
2024-03-21 02:14:28 An update is already downloaded.
2024-03-21 03:14:27 Checking for update using Github
2024-03-21 03:14:28 Success.
2024-03-21 03:14:28 Latest version is 1.5.11
2024-03-21 03:14:28 An update is already downloaded.
2024-03-21 04:14:27 Checking for update using Github
2024-03-21 04:14:28 Success.
2024-03-21 04:14:28 Latest version is 1.5.11
2024-03-21 04:14:28 An update is already downloaded.
2024-03-21 05:14:27 Checking for update using Github
2024-03-21 05:14:28 Success.
2024-03-21 05:14:28 Latest version is 1.5.11
2024-03-21 05:14:28 An update is already downloaded.
2024-03-22 23:23:42 Loading updated app package /home/rodya/.config/obsidian/obsidian-1.5.11.asar
2024-03-22 23:23:43 Checking for update using Github
2024-03-22 23:23:43 Success.
2024-03-22 23:23:43 Latest version is 1.5.11
2024-03-22 23:23:43 App is up to date.
2024-03-23 00:23:42 Checking for update using Github
2024-03-23 00:23:43 Success.
2024-03-23 00:23:43 Latest version is 1.5.11
2024-03-23 00:23:43 App is up to date.
2024-03-23 01:23:42 Checking for update using Github
2024-03-23 01:23:43 Success.
2024-03-23 01:23:43 Latest version is 1.5.11
2024-03-23 01:23:43 App is up to date.
2024-03-23 02:23:42 Checking for update using Github
2024-03-23 02:23:43 Success.
2024-03-23 02:23:43 Latest version is 1.5.11
2024-03-23 02:23:43 App is up to date.
2024-03-23 03:23:43 Checking for update using Github
2024-03-23 03:23:43 Success.
2024-03-23 03:23:43 Latest version is 1.5.11
2024-03-23 03:23:43 App is up to date.
2024-03-23 04:23:43 Checking for update using Github
2024-03-23 04:23:43 Success.
2024-03-23 04:23:43 Latest version is 1.5.11
2024-03-23 04:23:43 App is up to date.
2024-03-23 05:23:43 Checking for update using Github
2024-03-23 05:23:43 Success.
2024-03-23 05:23:43 Latest version is 1.5.11
2024-03-23 05:23:43 App is up to date.
2024-03-23 06:23:43 Checking for update using Github
2024-03-23 06:23:43 Success.
2024-03-23 06:23:43 Latest version is 1.5.11
2024-03-23 06:23:43 App is up to date.
2024-03-23 07:23:43 Checking for update using Github
2024-03-23 07:23:43 Success.
2024-03-23 07:23:43 Latest version is 1.5.11
2024-03-23 07:23:43 App is up to date.
2024-03-23 08:23:43 Checking for update using Github
2024-03-23 08:23:44 Success.
2024-03-23 08:23:44 Latest version is 1.5.11
2024-03-23 08:23:44 App is up to date.
2024-03-24 04:12:02 Loading updated app package /home/rodya/.config/obsidian/obsidian-1.5.11.asar
2024-03-24 04:12:03 Checking for update using Github
2024-03-24 04:12:03 Success.
2024-03-24 04:12:03 Latest version is 1.5.11
2024-03-24 04:12:03 App is up to date.
2024-03-24 05:12:02 Checking for update using Github
2024-03-24 05:12:03 Success.
2024-03-24 05:12:03 Latest version is 1.5.11
2024-03-24 05:12:03 App is up to date.
2024-03-24 05:36:07 Loading updated app package /home/rodya/.config/obsidian/obsidian-1.5.11.asar
2024-03-24 05:36:08 Checking for update using Github
2024-03-24 05:36:16 Loading updated app package /home/rodya/.config/obsidian/obsidian-1.5.11.asar
2024-03-24 05:36:16 Checking for update using Github
2024-03-24 05:36:28 Loading updated app package /home/rodya/.config/obsidian/obsidian-1.5.11.asar
2024-03-24 05:36:28 Checking for update using Github
2024-03-24 05:36:52 Loading updated app package /home/rodya/.config/obsidian/obsidian-1.5.11.asar
2024-03-24 05:36:52 Checking for update using Github
2024-03-24 05:38:13 Loading updated app package /home/rodya/.config/obsidian/obsidian-1.5.11.asar
2024-03-24 05:38:13 Checking for update using Github
2024-03-24 05:38:20 Loading updated app package /home/rodya/.config/obsidian/obsidian-1.5.11.asar
2024-03-24 05:38:21 Checking for update using Github
2024-03-24 05:38:35 Loading updated app package /home/rodya/.config/obsidian/obsidian-1.5.11.asar
2024-03-24 05:38:35 Checking for update using Github
2024-03-24 05:39:14 Loading updated app package /home/rodya/.config/obsidian/obsidian-1.5.11.asar
2024-03-24 05:39:14 Checking for update using Github
2024-03-24 05:40:22 Loading updated app package /home/rodya/.config/obsidian/obsidian-1.5.11.asar
2024-03-24 05:40:22 Checking for update using Github
2024-03-24 05:42:03 Loading updated app package /home/rodya/.config/obsidian/obsidian-1.5.11.asar
2024-03-24 05:42:03 Checking for update using Github
2024-03-24 05:42:03 Success.
2024-03-24 05:42:03 Latest version is 1.5.11
2024-03-24 05:42:03 App is up to date.
2024-03-26 02:49:28 Loading main app package /usr/lib/obsidian/obsidian.asar
2024-03-26 02:49:28 Checking for update using Github
2024-03-26 02:49:29 Success.
2024-03-26 02:49:29 Latest version is 1.5.11
2024-03-26 02:49:29 App is up to date.
2024-03-26 03:49:28 Checking for update using Github
2024-03-26 03:49:28 Success.
2024-03-26 03:49:28 Latest version is 1.5.11
2024-03-26 03:49:28 App is up to date.
2024-03-26 04:49:28 Checking for update using Github
2024-03-26 04:49:28 Success.
2024-03-26 04:49:28 Latest version is 1.5.11
2024-03-26 04:49:28 App is up to date.
2024-03-26 05:49:28 Checking for update using Github
2024-03-26 05:49:28 Success.
2024-03-26 05:49:28 Latest version is 1.5.11
2024-03-26 05:49:28 App is up to date.
2024-03-26 06:49:28 Checking for update using Github
2024-03-26 06:49:29 Success.
2024-03-26 06:49:29 Latest version is 1.5.11
2024-03-26 06:49:29 App is up to date.
2024-03-26 07:49:28 Checking for update using Github
2024-03-26 07:49:29 Success.
2024-03-26 07:49:29 Latest version is 1.5.11
2024-03-26 07:49:29 App is up to date.
2024-03-26 08:49:28 Checking for update using Github
2024-03-26 08:49:29 Success.
2024-03-26 08:49:29 Latest version is 1.5.11
2024-03-26 08:49:29 App is up to date.
2024-03-27 06:16:54 Loading main app package /usr/lib/obsidian/obsidian.asar
2024-03-27 06:16:55 Checking for update using Github
2024-03-27 06:16:55 Success.
2024-03-27 06:16:55 Latest version is 1.5.11
2024-03-27 06:16:55 App is up to date.
2024-03-27 07:16:54 Checking for update using Github
2024-03-27 07:16:55 Success.
2024-03-27 07:16:55 Latest version is 1.5.11
2024-03-27 07:16:55 App is up to date.
2024-03-27 08:16:55 Checking for update using Github
2024-03-27 08:16:55 Success.
2024-03-27 08:16:55 Latest version is 1.5.11
2024-03-27 08:16:55 App is up to date.
2024-03-27 09:16:55 Checking for update using Github
2024-03-27 09:16:55 Success.
2024-03-27 09:16:55 Latest version is 1.5.11
2024-03-27 09:16:55 App is up to date.
2024-03-27 10:16:55 Checking for update using Github
2024-03-27 10:16:55 Success.
2024-03-27 10:16:55 Latest version is 1.5.11
2024-03-27 10:16:55 App is up to date.
